ISim log file
Running: D:\Elysia-AKILA\EPRO\Sourcecode\maincode\full_sim_isim_beh.exe -intstyle ise -gui -tclbatch isim.cmd -wdb D:/Elysia-AKILA/EPRO/Sourcecode/maincode/full_sim_isim_beh.wdb 
ISim P.20131013 (signature 0x7708f090)
This is a Full version of ISim.
Time resolution is 1 ps
# onerror resume
# wave add /
# run 1000 ns
Simulator is doing circuit initialization process.
at 0 ps, Instance /full_sim/uut/input/ : Warning: There is an 'U'|'X'|'W'|'Z'|'-' in an arithmetic operand, the result will be 'X'(es).
at 0 ps, Instance /full_sim/uut/pool/\gen_rows(0)\/row/ : Warning: NUMERIC_STD.">": metavalue detected, returning FALSE
at 0 ps, Instance /full_sim/uut/pool/\gen_rows(0)\/row/ : Warning: NUMERIC_STD.">": metavalue detected, returning FALSE
at 0 ps, Instance /full_sim/uut/pool/\gen_rows(0)\/row/ : Warning: NUMERIC_STD.">": metavalue detected, returning FALSE
at 0 ps, Instance /full_sim/uut/pool/\gen_rows(1)\/row/ : Warning: NUMERIC_STD.">": metavalue detected, returning FALSE
at 0 ps, Instance /full_sim/uut/pool/\gen_rows(1)\/row/ : Warning: NUMERIC_STD.">": metavalue detected, returning FALSE
at 0 ps, Instance /full_sim/uut/pool/\gen_rows(1)\/row/ : Warning: NUMERIC_STD.">": metavalue detected, returning FALSE
at 0 ps, Instance /full_sim/uut/pool/\gen_rows(2)\/row/ : Warning: NUMERIC_STD.">": metavalue detected, returning FALSE
at 0 ps, Instance /full_sim/uut/pool/\gen_rows(2)\/row/ : Warning: NUMERIC_STD.">": metavalue detected, returning FALSE
at 0 ps, Instance /full_sim/uut/pool/\gen_rows(2)\/row/ : Warning: NUMERIC_STD.">": metavalue detected, returning FALSE
at 0 ps, Instance /full_sim/uut/pool/\gen_rows(3)\/row/ : Warning: NUMERIC_STD.">": metavalue detected, returning FALSE
at 0 ps, Instance /full_sim/uut/pool/\gen_rows(3)\/row/ : Warning: NUMERIC_STD.">": metavalue detected, returning FALSE
at 0 ps, Instance /full_sim/uut/pool/\gen_rows(3)\/row/ : Warning: NUMERIC_STD.">": metavalue detected, returning FALSE
at 0 ps, Instance /full_sim/uut/pool/\gen_rows(4)\/row/ : Warning: NUMERIC_STD.">": metavalue detected, returning FALSE
at 0 ps, Instance /full_sim/uut/pool/\gen_rows(4)\/row/ : Warning: NUMERIC_STD.">": metavalue detected, returning FALSE
at 0 ps, Instance /full_sim/uut/pool/\gen_rows(4)\/row/ : Warning: NUMERIC_STD.">": metavalue detected, returning FALSE
at 0 ps, Instance /full_sim/uut/pool/\gen_rows(5)\/row/ : Warning: NUMERIC_STD.">": metavalue detected, returning FALSE
at 0 ps, Instance /full_sim/uut/pool/\gen_rows(5)\/row/ : Warning: NUMERIC_STD.">": metavalue detected, returning FALSE
at 0 ps, Instance /full_sim/uut/pool/\gen_rows(5)\/row/ : Warning: NUMERIC_STD.">": metavalue detected, returning FALSE
at 0 ps, Instance /full_sim/uut/pool/\gen_rows(6)\/row/ : Warning: NUMERIC_STD.">": metavalue detected, returning FALSE
at 0 ps, Instance /full_sim/uut/pool/\gen_rows(6)\/row/ : Warning: NUMERIC_STD.">": metavalue detected, returning FALSE
at 0 ps, Instance /full_sim/uut/pool/\gen_rows(6)\/row/ : Warning: NUMERIC_STD.">": metavalue detected, returning FALSE
at 0 ps, Instance /full_sim/uut/pool/\gen_rows(7)\/row/ : Warning: NUMERIC_STD.">": metavalue detected, returning FALSE
at 0 ps, Instance /full_sim/uut/pool/\gen_rows(7)\/row/ : Warning: NUMERIC_STD.">": metavalue detected, returning FALSE
at 0 ps, Instance /full_sim/uut/pool/\gen_rows(7)\/row/ : Warning: NUMERIC_STD.">": metavalue detected, returning FALSE
at 0 ps, Instance /full_sim/uut/pool/\gen_rows(8)\/row/ : Warning: NUMERIC_STD.">": metavalue detected, returning FALSE
at 0 ps, Instance /full_sim/uut/pool/\gen_rows(8)\/row/ : Warning: NUMERIC_STD.">": metavalue detected, returning FALSE
at 0 ps, Instance /full_sim/uut/pool/\gen_rows(8)\/row/ : Warning: NUMERIC_STD.">": metavalue detected, returning FALSE
at 0 ps, Instance /full_sim/uut/pool/\gen_rows(9)\/row/ : Warning: NUMERIC_STD.">": metavalue detected, returning FALSE
at 0 ps, Instance /full_sim/uut/pool/\gen_rows(9)\/row/ : Warning: NUMERIC_STD.">": metavalue detected, returning FALSE
at 0 ps, Instance /full_sim/uut/pool/\gen_rows(9)\/row/ : Warning: NUMERIC_STD.">": metavalue detected, returning FALSE
at 0 ps, Instance /full_sim/uut/pool/\gen_rows(10)\/row/ : Warning: NUMERIC_STD.">": metavalue detected, returning FALSE
at 0 ps, Instance /full_sim/uut/pool/\gen_rows(10)\/row/ : Warning: NUMERIC_STD.">": metavalue detected, returning FALSE
at 0 ps, Instance /full_sim/uut/pool/\gen_rows(10)\/row/ : Warning: NUMERIC_STD.">": metavalue detected, returning FALSE
at 0 ps, Instance /full_sim/uut/pool/\gen_rows(11)\/row/ : Warning: NUMERIC_STD.">": metavalue detected, returning FALSE
at 0 ps, Instance /full_sim/uut/pool/\gen_rows(11)\/row/ : Warning: NUMERIC_STD.">": metavalue detected, returning FALSE
at 0 ps, Instance /full_sim/uut/pool/\gen_rows(11)\/row/ : Warning: NUMERIC_STD.">": metavalue detected, returning FALSE
at 0 ps, Instance /full_sim/uut/fc/ : Warning: NUMERIC_STD.">": metavalue detected, returning FALSE
at 0 ps, Instance /full_sim/uut/fc/ : Warning: NUMERIC_STD.">": metavalue detected, returning FALSE
at 0 ps, Instance /full_sim/uut/fc/ : Warning: NUMERIC_STD.">": metavalue detected, returning FALSE
at 0 ps, Instance /full_sim/uut/fc/ : Warning: NUMERIC_STD.">": metavalue detected, returning FALSE
at 0 ps, Instance /full_sim/uut/fc/ : Warning: NUMERIC_STD.">": metavalue detected, returning FALSE
at 0 ps, Instance /full_sim/uut/fc/ : Warning: NUMERIC_STD.">": metavalue detected, returning FALSE
at 0 ps, Instance /full_sim/uut/fc/ : Warning: NUMERIC_STD.">": metavalue detected, returning FALSE
at 0 ps, Instance /full_sim/uut/fc/ : Warning: NUMERIC_STD.">": metavalue detected, returning FALSE
at 0 ps, Instance /full_sim/uut/fc/ : Warning: NUMERIC_STD.">": metavalue detected, returning FALSE
at 0 ps, Instance /full_sim/uut/sevSeg/ : Warning: CONV_INTEGER: There is an 'U'|'X'|'W'|'Z'|'-' in an arithmetic operand, and it has been converted to 0.
Finished circuit initialization process.
at 0 ps, Instance /full_sim/uut/sevSeg/ : Warning: CONV_INTEGER: There is an 'U'|'X'|'W'|'Z'|'-' in an arithmetic operand, and it has been converted to 0.
at 0 ps, Instance /full_sim/uut/sevSeg/ : Warning: CONV_INTEGER: There is an 'U'|'X'|'W'|'Z'|'-' in an arithmetic operand, and it has been converted to 0.
at 0 ps, Instance /full_sim/uut/sevSeg/ : Warning: CONV_INTEGER: There is an 'U'|'X'|'W'|'Z'|'-' in an arithmetic operand, and it has been converted to 0.
at 0 ps, Instance /full_sim/uut/sevSeg/ : Warning: CONV_INTEGER: There is an 'U'|'X'|'W'|'Z'|'-' in an arithmetic operand, and it has been converted to 0.
at 45 ns(2), Instance /full_sim/uut/pool/\gen_rows(0)\/row/ : Warning: NUMERIC_STD.">": metavalue detected, returning FALSE
at 45 ns(2), Instance /full_sim/uut/pool/\gen_rows(1)\/row/ : Warning: NUMERIC_STD.">": metavalue detected, returning FALSE
at 45 ns(2), Instance /full_sim/uut/pool/\gen_rows(2)\/row/ : Warning: NUMERIC_STD.">": metavalue detected, returning FALSE
at 45 ns(2), Instance /full_sim/uut/pool/\gen_rows(3)\/row/ : Warning: NUMERIC_STD.">": metavalue detected, returning FALSE
at 45 ns(2), Instance /full_sim/uut/pool/\gen_rows(4)\/row/ : Warning: NUMERIC_STD.">": metavalue detected, returning FALSE
at 45 ns(2), Instance /full_sim/uut/pool/\gen_rows(5)\/row/ : Warning: NUMERIC_STD.">": metavalue detected, returning FALSE
at 45 ns(2), Instance /full_sim/uut/pool/\gen_rows(6)\/row/ : Warning: NUMERIC_STD.">": metavalue detected, returning FALSE
at 45 ns(2), Instance /full_sim/uut/pool/\gen_rows(7)\/row/ : Warning: NUMERIC_STD.">": metavalue detected, returning FALSE
at 45 ns(2), Instance /full_sim/uut/pool/\gen_rows(8)\/row/ : Warning: NUMERIC_STD.">": metavalue detected, returning FALSE
at 45 ns(2), Instance /full_sim/uut/pool/\gen_rows(9)\/row/ : Warning: NUMERIC_STD.">": metavalue detected, returning FALSE
at 45 ns(2), Instance /full_sim/uut/pool/\gen_rows(10)\/row/ : Warning: NUMERIC_STD.">": metavalue detected, returning FALSE
at 45 ns(2), Instance /full_sim/uut/pool/\gen_rows(11)\/row/ : Warning: NUMERIC_STD.">": metavalue detected, returning FALSE
at 45 ns(2), Instance /full_sim/uut/fc/ : Warning: NUMERIC_STD.">": metavalue detected, returning FALSE
at 55 ns(2), Instance /full_sim/uut/pool/\gen_rows(0)\/row/ : Warning: NUMERIC_STD.">": metavalue detected, returning FALSE
at 55 ns(2), Instance /full_sim/uut/pool/\gen_rows(0)\/row/ : Warning: NUMERIC_STD.">": metavalue detected, returning FALSE
at 55 ns(2), Instance /full_sim/uut/pool/\gen_rows(1)\/row/ : Warning: NUMERIC_STD.">": metavalue detected, returning FALSE
at 55 ns(2), Instance /full_sim/uut/pool/\gen_rows(1)\/row/ : Warning: NUMERIC_STD.">": metavalue detected, returning FALSE
at 55 ns(2), Instance /full_sim/uut/pool/\gen_rows(2)\/row/ : Warning: NUMERIC_STD.">": metavalue detected, returning FALSE
at 55 ns(2), Instance /full_sim/uut/pool/\gen_rows(2)\/row/ : Warning: NUMERIC_STD.">": metavalue detected, returning FALSE
at 55 ns(2), Instance /full_sim/uut/pool/\gen_rows(3)\/row/ : Warning: NUMERIC_STD.">": metavalue detected, returning FALSE
at 55 ns(2), Instance /full_sim/uut/pool/\gen_rows(3)\/row/ : Warning: NUMERIC_STD.">": metavalue detected, returning FALSE
at 55 ns(2), Instance /full_sim/uut/pool/\gen_rows(4)\/row/ : Warning: NUMERIC_STD.">": metavalue detected, returning FALSE
at 55 ns(2), Instance /full_sim/uut/pool/\gen_rows(4)\/row/ : Warning: NUMERIC_STD.">": metavalue detected, returning FALSE
at 55 ns(2), Instance /full_sim/uut/pool/\gen_rows(5)\/row/ : Warning: NUMERIC_STD.">": metavalue detected, returning FALSE
at 55 ns(2), Instance /full_sim/uut/pool/\gen_rows(5)\/row/ : Warning: NUMERIC_STD.">": metavalue detected, returning FALSE
at 55 ns(2), Instance /full_sim/uut/pool/\gen_rows(6)\/row/ : Warning: NUMERIC_STD.">": metavalue detected, returning FALSE
at 55 ns(2), Instance /full_sim/uut/pool/\gen_rows(6)\/row/ : Warning: NUMERIC_STD.">": metavalue detected, returning FALSE
at 55 ns(2), Instance /full_sim/uut/pool/\gen_rows(7)\/row/ : Warning: NUMERIC_STD.">": metavalue detected, returning FALSE
at 55 ns(2), Instance /full_sim/uut/pool/\gen_rows(7)\/row/ : Warning: NUMERIC_STD.">": metavalue detected, returning FALSE
at 55 ns(2), Instance /full_sim/uut/pool/\gen_rows(8)\/row/ : Warning: NUMERIC_STD.">": metavalue detected, returning FALSE
at 55 ns(2), Instance /full_sim/uut/pool/\gen_rows(8)\/row/ : Warning: NUMERIC_STD.">": metavalue detected, returning FALSE
at 55 ns(2), Instance /full_sim/uut/pool/\gen_rows(9)\/row/ : Warning: NUMERIC_STD.">": metavalue detected, returning FALSE
at 55 ns(2), Instance /full_sim/uut/pool/\gen_rows(9)\/row/ : Warning: NUMERIC_STD.">": metavalue detected, returning FALSE
at 55 ns(2), Instance /full_sim/uut/pool/\gen_rows(10)\/row/ : Warning: NUMERIC_STD.">": metavalue detected, returning FALSE
at 55 ns(2), Instance /full_sim/uut/pool/\gen_rows(10)\/row/ : Warning: NUMERIC_STD.">": metavalue detected, returning FALSE
at 55 ns(2), Instance /full_sim/uut/pool/\gen_rows(11)\/row/ : Warning: NUMERIC_STD.">": metavalue detected, returning FALSE
at 55 ns(2), Instance /full_sim/uut/pool/\gen_rows(11)\/row/ : Warning: NUMERIC_STD.">": metavalue detected, returning FALSE
at 55 ns(2), Instance /full_sim/uut/fc/ : Warning: NUMERIC_STD.">": metavalue detected, returning FALSE
at 55 ns(2), Instance /full_sim/uut/fc/ : Warning: NUMERIC_STD.">": metavalue detected, returning FALSE
at 65 ns(2), Instance /full_sim/uut/pool/\gen_rows(9)\/row/ : Warning: NUMERIC_STD.">": metavalue detected, returning FALSE
at 65 ns(2), Instance /full_sim/uut/pool/\gen_rows(9)\/row/ : Warning: NUMERIC_STD.">": metavalue detected, returning FALSE
at 65 ns(2), Instance /full_sim/uut/pool/\gen_rows(10)\/row/ : Warning: NUMERIC_STD.">": metavalue detected, returning FALSE
at 65 ns(2), Instance /full_sim/uut/pool/\gen_rows(10)\/row/ : Warning: NUMERIC_STD.">": metavalue detected, returning FALSE
at 65 ns(2), Instance /full_sim/uut/fc/ : Warning: NUMERIC_STD.">": metavalue detected, returning FALSE
at 65 ns(2), Instance /full_sim/uut/fc/ : Warning: NUMERIC_STD.">": metavalue detected, returning FALSE
at 65 ns(2), Instance /full_sim/uut/fc/ : Warning: NUMERIC_STD.">": metavalue detected, returning FALSE
at 75 ns(2), Instance /full_sim/uut/pool/\gen_rows(8)\/row/ : Warning: NUMERIC_STD.">": metavalue detected, returning FALSE
at 75 ns(2), Instance /full_sim/uut/pool/\gen_rows(8)\/row/ : Warning: NUMERIC_STD.">": metavalue detected, returning FALSE
at 75 ns(2), Instance /full_sim/uut/pool/\gen_rows(9)\/row/ : Warning: NUMERIC_STD.">": metavalue detected, returning FALSE
at 75 ns(2), Instance /full_sim/uut/pool/\gen_rows(9)\/row/ : Warning: NUMERIC_STD.">": metavalue detected, returning FALSE
at 75 ns(2), Instance /full_sim/uut/fc/ : Warning: NUMERIC_STD.">": metavalue detected, returning FALSE
at 75 ns(2), Instance /full_sim/uut/fc/ : Warning: NUMERIC_STD.">": metavalue detected, returning FALSE
at 75 ns(2), Instance /full_sim/uut/fc/ : Warning: NUMERIC_STD.">": metavalue detected, returning FALSE
at 75 ns(2), Instance /full_sim/uut/fc/ : Warning: NUMERIC_STD.">": metavalue detected, returning FALSE
at 75 ns(2), Instance /full_sim/uut/fc/ : Warning: NUMERIC_STD.">": metavalue detected, returning FALSE
at 85 ns(2), Instance /full_sim/uut/pool/\gen_rows(7)\/row/ : Warning: NUMERIC_STD.">": metavalue detected, returning FALSE
at 85 ns(2), Instance /full_sim/uut/pool/\gen_rows(7)\/row/ : Warning: NUMERIC_STD.">": metavalue detected, returning FALSE
at 85 ns(2), Instance /full_sim/uut/pool/\gen_rows(8)\/row/ : Warning: NUMERIC_STD.">": metavalue detected, returning FALSE
at 85 ns(2), Instance /full_sim/uut/pool/\gen_rows(8)\/row/ : Warning: NUMERIC_STD.">": metavalue detected, returning FALSE
at 85 ns(2), Instance /full_sim/uut/fc/ : Warning: NUMERIC_STD.">": metavalue detected, returning FALSE
at 85 ns(2), Instance /full_sim/uut/fc/ : Warning: NUMERIC_STD.">": metavalue detected, returning FALSE
at 85 ns(2), Instance /full_sim/uut/fc/ : Warning: NUMERIC_STD.">": metavalue detected, returning FALSE
at 85 ns(2), Instance /full_sim/uut/fc/ : Warning: NUMERIC_STD.">": metavalue detected, returning FALSE
at 85 ns(2), Instance /full_sim/uut/fc/ : Warning: NUMERIC_STD.">": metavalue detected, returning FALSE
at 85 ns(2), Instance /full_sim/uut/fc/ : Warning: NUMERIC_STD.">": metavalue detected, returning FALSE
at 95 ns(2), Instance /full_sim/uut/pool/\gen_rows(6)\/row/ : Warning: NUMERIC_STD.">": metavalue detected, returning FALSE
at 95 ns(2), Instance /full_sim/uut/pool/\gen_rows(6)\/row/ : Warning: NUMERIC_STD.">": metavalue detected, returning FALSE
at 95 ns(2), Instance /full_sim/uut/pool/\gen_rows(7)\/row/ : Warning: NUMERIC_STD.">": metavalue detected, returning FALSE
at 95 ns(2), Instance /full_sim/uut/pool/\gen_rows(7)\/row/ : Warning: NUMERIC_STD.">": metavalue detected, returning FALSE
at 95 ns(2), Instance /full_sim/uut/fc/ : Warning: NUMERIC_STD.">": metavalue detected, returning FALSE
at 95 ns(2), Instance /full_sim/uut/fc/ : Warning: NUMERIC_STD.">": metavalue detected, returning FALSE
at 95 ns(2), Instance /full_sim/uut/fc/ : Warning: NUMERIC_STD.">": metavalue detected, returning FALSE
at 95 ns(2), Instance /full_sim/uut/fc/ : Warning: NUMERIC_STD.">": metavalue detected, returning FALSE
at 95 ns(2), Instance /full_sim/uut/fc/ : Warning: NUMERIC_STD.">": metavalue detected, returning FALSE
at 95 ns(2), Instance /full_sim/uut/fc/ : Warning: NUMERIC_STD.">": metavalue detected, returning FALSE
at 95 ns(2), Instance /full_sim/uut/fc/ : Warning: NUMERIC_STD.">": metavalue detected, returning FALSE
at 105 ns(2), Instance /full_sim/uut/pool/\gen_rows(5)\/row/ : Warning: NUMERIC_STD.">": metavalue detected, returning FALSE
at 105 ns(2), Instance /full_sim/uut/pool/\gen_rows(5)\/row/ : Warning: NUMERIC_STD.">": metavalue detected, returning FALSE
at 105 ns(2), Instance /full_sim/uut/pool/\gen_rows(6)\/row/ : Warning: NUMERIC_STD.">": metavalue detected, returning FALSE
at 105 ns(2), Instance /full_sim/uut/pool/\gen_rows(6)\/row/ : Warning: NUMERIC_STD.">": metavalue detected, returning FALSE
at 105 ns(2), Instance /full_sim/uut/fc/ : Warning: NUMERIC_STD.">": metavalue detected, returning FALSE
at 105 ns(2), Instance /full_sim/uut/fc/ : Warning: NUMERIC_STD.">": metavalue detected, returning FALSE
at 105 ns(2), Instance /full_sim/uut/fc/ : Warning: NUMERIC_STD.">": metavalue detected, returning FALSE
at 105 ns(2), Instance /full_sim/uut/fc/ : Warning: NUMERIC_STD.">": metavalue detected, returning FALSE
at 105 ns(2), Instance /full_sim/uut/fc/ : Warning: NUMERIC_STD.">": metavalue detected, returning FALSE
at 105 ns(2), Instance /full_sim/uut/fc/ : Warning: NUMERIC_STD.">": metavalue detected, returning FALSE
at 105 ns(2), Instance /full_sim/uut/fc/ : Warning: NUMERIC_STD.">": metavalue detected, returning FALSE
at 105 ns(2), Instance /full_sim/uut/fc/ : Warning: NUMERIC_STD.">": metavalue detected, returning FALSE
at 115 ns(2), Instance /full_sim/uut/pool/\gen_rows(4)\/row/ : Warning: NUMERIC_STD.">": metavalue detected, returning FALSE
at 115 ns(2), Instance /full_sim/uut/pool/\gen_rows(4)\/row/ : Warning: NUMERIC_STD.">": metavalue detected, returning FALSE
at 115 ns(2), Instance /full_sim/uut/pool/\gen_rows(5)\/row/ : Warning: NUMERIC_STD.">": metavalue detected, returning FALSE
at 115 ns(2), Instance /full_sim/uut/pool/\gen_rows(5)\/row/ : Warning: NUMERIC_STD.">": metavalue detected, returning FALSE
at 115 ns(2), Instance /full_sim/uut/fc/ : Warning: NUMERIC_STD.">": metavalue detected, returning FALSE
at 115 ns(2), Instance /full_sim/uut/fc/ : Warning: NUMERIC_STD.">": metavalue detected, returning FALSE
at 115 ns(2), Instance /full_sim/uut/fc/ : Warning: NUMERIC_STD.">": metavalue detected, returning FALSE
at 115 ns(2), Instance /full_sim/uut/fc/ : Warning: NUMERIC_STD.">": metavalue detected, returning FALSE
at 115 ns(2), Instance /full_sim/uut/fc/ : Warning: NUMERIC_STD.">": metavalue detected, returning FALSE
at 115 ns(2), Instance /full_sim/uut/fc/ : Warning: NUMERIC_STD.">": metavalue detected, returning FALSE
at 115 ns(2), Instance /full_sim/uut/fc/ : Warning: NUMERIC_STD.">": metavalue detected, returning FALSE
at 115 ns(2), Instance /full_sim/uut/fc/ : Warning: NUMERIC_STD.">": metavalue detected, returning FALSE
at 125 ns(2), Instance /full_sim/uut/pool/\gen_rows(3)\/row/ : Warning: NUMERIC_STD.">": metavalue detected, returning FALSE
at 125 ns(2), Instance /full_sim/uut/pool/\gen_rows(3)\/row/ : Warning: NUMERIC_STD.">": metavalue detected, returning FALSE
at 125 ns(2), Instance /full_sim/uut/pool/\gen_rows(4)\/row/ : Warning: NUMERIC_STD.">": metavalue detected, returning FALSE
at 125 ns(2), Instance /full_sim/uut/pool/\gen_rows(4)\/row/ : Warning: NUMERIC_STD.">": metavalue detected, returning FALSE
at 125 ns(2), Instance /full_sim/uut/fc/ : Warning: NUMERIC_STD.">": metavalue detected, returning FALSE
at 125 ns(2), Instance /full_sim/uut/fc/ : Warning: NUMERIC_STD.">": metavalue detected, returning FALSE
at 125 ns(2), Instance /full_sim/uut/fc/ : Warning: NUMERIC_STD.">": metavalue detected, returning FALSE
at 125 ns(2), Instance /full_sim/uut/fc/ : Warning: NUMERIC_STD.">": metavalue detected, returning FALSE
at 125 ns(2), Instance /full_sim/uut/fc/ : Warning: NUMERIC_STD.">": metavalue detected, returning FALSE
at 125 ns(2), Instance /full_sim/uut/fc/ : Warning: NUMERIC_STD.">": metavalue detected, returning FALSE
at 125 ns(2), Instance /full_sim/uut/fc/ : Warning: NUMERIC_STD.">": metavalue detected, returning FALSE
at 125 ns(2), Instance /full_sim/uut/fc/ : Warning: NUMERIC_STD.">": metavalue detected, returning FALSE
at 125 ns(2), Instance /full_sim/uut/fc/ : Warning: NUMERIC_STD.">": metavalue detected, returning FALSE
at 135 ns(2), Instance /full_sim/uut/pool/\gen_rows(2)\/row/ : Warning: NUMERIC_STD.">": metavalue detected, returning FALSE
at 135 ns(2), Instance /full_sim/uut/pool/\gen_rows(2)\/row/ : Warning: NUMERIC_STD.">": metavalue detected, returning FALSE
at 135 ns(2), Instance /full_sim/uut/pool/\gen_rows(3)\/row/ : Warning: NUMERIC_STD.">": metavalue detected, returning FALSE
at 135 ns(2), Instance /full_sim/uut/pool/\gen_rows(3)\/row/ : Warning: NUMERIC_STD.">": metavalue detected, returning FALSE
at 135 ns(2), Instance /full_sim/uut/fc/ : Warning: NUMERIC_STD.">": metavalue detected, returning FALSE
at 135 ns(2), Instance /full_sim/uut/fc/ : Warning: NUMERIC_STD.">": metavalue detected, returning FALSE
at 135 ns(2), Instance /full_sim/uut/fc/ : Warning: NUMERIC_STD.">": metavalue detected, returning FALSE
at 135 ns(2), Instance /full_sim/uut/fc/ : Warning: NUMERIC_STD.">": metavalue detected, returning FALSE
at 135 ns(2), Instance /full_sim/uut/fc/ : Warning: NUMERIC_STD.">": metavalue detected, returning FALSE
at 135 ns(2), Instance /full_sim/uut/fc/ : Warning: NUMERIC_STD.">": metavalue detected, returning FALSE
at 135 ns(2), Instance /full_sim/uut/fc/ : Warning: NUMERIC_STD.">": metavalue detected, returning FALSE
at 135 ns(2), Instance /full_sim/uut/fc/ : Warning: NUMERIC_STD.">": metavalue detected, returning FALSE
at 135 ns(2), Instance /full_sim/uut/fc/ : Warning: NUMERIC_STD.">": metavalue detected, returning FALSE
at 145 ns(2), Instance /full_sim/uut/pool/\gen_rows(1)\/row/ : Warning: NUMERIC_STD.">": metavalue detected, returning FALSE
at 145 ns(2), Instance /full_sim/uut/pool/\gen_rows(1)\/row/ : Warning: NUMERIC_STD.">": metavalue detected, returning FALSE
at 145 ns(2), Instance /full_sim/uut/pool/\gen_rows(2)\/row/ : Warning: NUMERIC_STD.">": metavalue detected, returning FALSE
at 145 ns(2), Instance /full_sim/uut/pool/\gen_rows(2)\/row/ : Warning: NUMERIC_STD.">": metavalue detected, returning FALSE
at 155 ns(2), Instance /full_sim/uut/pool/\gen_rows(0)\/row/ : Warning: NUMERIC_STD.">": metavalue detected, returning FALSE
at 155 ns(2), Instance /full_sim/uut/pool/\gen_rows(0)\/row/ : Warning: NUMERIC_STD.">": metavalue detected, returning FALSE
at 155 ns(2), Instance /full_sim/uut/pool/\gen_rows(1)\/row/ : Warning: NUMERIC_STD.">": metavalue detected, returning FALSE
at 155 ns(2), Instance /full_sim/uut/pool/\gen_rows(1)\/row/ : Warning: NUMERIC_STD.">": metavalue detected, returning FALSE
at 165 ns(2), Instance /full_sim/uut/pool/\gen_rows(0)\/row/ : Warning: NUMERIC_STD.">": metavalue detected, returning FALSE
at 165 ns(2), Instance /full_sim/uut/pool/\gen_rows(0)\/row/ : Warning: NUMERIC_STD.">": metavalue detected, returning FALSE
The simulator has terminated in an unexpected manner.  Please review the ISim log (isim.log) for details.
